# JRE version: Java(TM) SE Runtime Environment (8.0_144-b01) (build 1.8.0_144-b01)
# Java VM: Java HotSpot(TM) 64-Bit Server VM (25.144-b01 mixed mode windows-amd64 compressed oops)
Heap:
 PSYoungGen      total 180736K, used 116458K [0x0000000780b00000, 0x000000078f280000, 0x00000007c0000000)
  eden space 134656K, 79% used [0x0000000780b00000,0x000000078741a7d0,0x0000000788e80000)
  from space 46080K, 19% used [0x000000078c580000,0x000000078ce203c0,0x000000078f280000)
  to   space 51200K, 0% used [0x0000000788e80000,0x0000000788e80000,0x000000078c080000)
 ParOldGen       total 226304K, used 157232K [0x0000000702000000, 0x000000070fd00000, 0x0000000780b00000)
  object space 226304K, 69% used [0x0000000702000000,0x000000070b98c318,0x000000070fd00000)
 Metaspace       used 18227K, capacity 18978K, committed 19200K, reserved 1064960K
  class space    used 2533K, capacity 2727K, committed 2816K, reserved 1048576K
GC Heap History (10 events):
Event: 3.707 GC heap before
{Heap before GC invocations=3 (full 0):
 PSYoungGen      total 56832K, used 56345K [0x0000000780b00000, 0x0000000787a00000, 0x00000007c0000000)
  eden space 49152K, 99% used [0x0000000780b00000,0x0000000783a8c498,0x0000000783b00000)
  from space 7680K, 99% used [0x0000000784280000,0x00000007849f9fc0,0x0000000784a00000)
  to   space 7680K, 0% used [0x0000000783b00000,0x0000000783b00000,0x0000000784280000)
 ParOldGen       total 130048K, used 47908K [0x0000000702000000, 0x0000000709f00000, 0x0000000780b00000)
  object space 130048K, 36% used [0x0000000702000000,0x0000000704ec93f0,0x0000000709f00000)
 Metaspace       used 16237K, capacity 16874K, committed 17024K, reserved 1064960K
  class space    used 2218K, capacity 2407K, committed 2432K, reserved 1048576K
Event: 3.727 GC heap after
Heap after GC invocations=3 (full 0):
 PSYoungGen      total 56832K, used 7671K [0x0000000780b00000, 0x0000000787a00000, 0x00000007c0000000)
  eden space 49152K, 0% used [0x0000000780b00000,0x0000000780b00000,0x0000000783b00000)
  from space 7680K, 99% used [0x0000000783b00000,0x000000078427dfa0,0x0000000784280000)
  to   space 7680K, 0% used [0x0000000787280000,0x0000000787280000,0x0000000787a00000)
 ParOldGen       total 130048K, used 78800K [0x0000000702000000, 0x0000000709f00000, 0x0000000780b00000)
  object space 130048K, 60% used [0x0000000702000000,0x0000000706cf4230,0x0000000709f00000)
 Metaspace       used 16237K, capacity 16874K, committed 17024K, reserved 1064960K
  class space    used 2218K, capacity 2407K, committed 2432K, reserved 1048576K
}
Event: 5.604 GC heap before
{Heap before GC invocations=4 (full 0):
 PSYoungGen      total 56832K, used 56627K [0x0000000780b00000, 0x0000000787a00000, 0x00000007c0000000)
  eden space 49152K, 99% used [0x0000000780b00000,0x0000000783aced88,0x0000000783b00000)
  from space 7680K, 99% used [0x0000000783b00000,0x000000078427dfa0,0x0000000784280000)
  to   space 7680K, 0% used [0x0000000787280000,0x0000000787280000,0x0000000787a00000)
 ParOldGen       total 130048K, used 78800K [0x0000000702000000, 0x0000000709f00000, 0x0000000780b00000)
  object space 130048K, 60% used [0x0000000702000000,0x0000000706cf4230,0x0000000709f00000)
 Metaspace       used 17635K, capacity 18398K, committed 18688K, reserved 1064960K
  class space    used 2523K, capacity 2721K, committed 2816K, reserved 1048576K
Event: 5.625 GC heap after
Heap after GC invocations=4 (full 0):
 PSYoungGen      total 105984K, used 7660K [0x0000000780b00000, 0x0000000787a00000, 0x00000007c0000000)
  eden space 98304K, 0% used [0x0000000780b00000,0x0000000780b00000,0x0000000786b00000)
  from space 7680K, 99% used [0x0000000787280000,0x00000007879fb1a0,0x0000000787a00000)
  to   space 7680K, 0% used [0x0000000786b00000,0x0000000786b00000,0x0000000787280000)
 ParOldGen       total 130048K, used 107913K [0x0000000702000000, 0x0000000709f00000, 0x0000000780b00000)
  object space 130048K, 82% used [0x0000000702000000,0x0000000708962640,0x0000000709f00000)
 Metaspace       used 17635K, capacity 18398K, committed 18688K, reserved 1064960K
  class space    used 2523K, capacity 2721K, committed 2816K, reserved 1048576K
}
Event: 5.625 GC heap before
{Heap before GC invocations=5 (full 1):
 PSYoungGen      total 105984K, used 7660K [0x0000000780b00000, 0x0000000787a00000, 0x00000007c0000000)
  eden space 98304K, 0% used [0x0000000780b00000,0x0000000780b00000,0x0000000786b00000)
  from space 7680K, 99% used [0x0000000787280000,0x00000007879fb1a0,0x0000000787a00000)
  to   space 7680K, 0% used [0x0000000786b00000,0x0000000786b00000,0x0000000787280000)
 ParOldGen       total 130048K, used 107913K [0x0000000702000000, 0x0000000709f00000, 0x0000000780b00000)
  object space 130048K, 82% used [0x0000000702000000,0x0000000708962640,0x0000000709f00000)
 Metaspace       used 17635K, capacity 18398K, committed 18688K, reserved 1064960K
  class space    used 2523K, capacity 2721K, committed 2816K, reserved 1048576K
Event: 5.698 GC heap after
Heap after GC invocations=5 (full 1):
 PSYoungGen      total 105984K, used 0K [0x0000000780b00000, 0x0000000787a00000, 0x00000007c0000000)
  eden space 98304K, 0% used [0x0000000780b00000,0x0000000780b00000,0x0000000786b00000)
  from space 7680K, 0% used [0x0000000787280000,0x0000000787280000,0x0000000787a00000)
  to   space 7680K, 0% used [0x0000000786b00000,0x0000000786b00000,0x0000000787280000)
 ParOldGen       total 226304K, used 114690K [0x0000000702000000, 0x000000070fd00000, 0x0000000780b00000)
  object space 226304K, 50% used [0x0000000702000000,0x00000007090009d8,0x000000070fd00000)
 Metaspace       used 17635K, capacity 18398K, committed 18688K, reserved 1064960K
  class space    used 2523K, capacity 2721K, committed 2816K, reserved 1048576K
}
Event: 17.171 GC heap before
{Heap before GC invocations=6 (full 1):
 PSYoungGen      total 105984K, used 98304K [0x0000000780b00000, 0x0000000787a00000, 0x00000007c0000000)
  eden space 98304K, 100% used [0x0000000780b00000,0x0000000786b00000,0x0000000786b00000)
  from space 7680K, 0% used [0x0000000787280000,0x0000000787280000,0x0000000787a00000)
  to   space 7680K, 0% used [0x0000000786b00000,0x0000000786b00000,0x0000000787280000)
 ParOldGen       total 226304K, used 114690K [0x0000000702000000, 0x000000070fd00000, 0x0000000780b00000)
  object space 226304K, 50% used [0x0000000702000000,0x00000007090009d8,0x000000070fd00000)
 Metaspace       used 18195K, capacity 18974K, committed 19200K, reserved 1064960K
  class space    used 2532K, capacity 2727K, committed 2816K, reserved 1048576K
Event: 17.221 GC heap after
Heap after GC invocations=6 (full 1):
 PSYoungGen      total 105984K, used 7424K [0x0000000780b00000, 0x000000078f600000, 0x00000007c0000000)
  eden space 98304K, 0% used [0x0000000780b00000,0x0000000780b00000,0x0000000786b00000)
  from space 7680K, 96% used [0x0000000786b00000,0x00000007872403c0,0x0000000787280000)
  to   space 49664K, 0% used [0x000000078c580000,0x000000078c580000,0x000000078f600000)
 ParOldGen       total 226304K, used 157224K [0x0000000702000000, 0x000000070fd00000, 0x0000000780b00000)
  object space 226304K, 69% used [0x0000000702000000,0x000000070b98a318,0x000000070fd00000)
 Metaspace       used 18195K, capacity 18974K, committed 19200K, reserved 1064960K
  class space    used 2532K, capacity 2727K, committed 2816K, reserved 1048576K
}
Event: 58.205 GC heap before
{Heap before GC invocations=7 (full 1):
 PSYoungGen      total 105984K, used 105728K [0x0000000780b00000, 0x000000078f600000, 0x00000007c0000000)
  eden space 98304K, 100% used [0x0000000780b00000,0x0000000786b00000,0x0000000786b00000)
  from space 7680K, 96% used [0x0000000786b00000,0x00000007872403c0,0x0000000787280000)
  to   space 49664K, 0% used [0x000000078c580000,0x000000078c580000,0x000000078f600000)
 ParOldGen       total 226304K, used 157224K [0x0000000702000000, 0x000000070fd00000, 0x0000000780b00000)
  object space 226304K, 69% used [0x0000000702000000,0x000000070b98a318,0x000000070fd00000)
 Metaspace       used 18203K, capacity 18978K, committed 19200K, reserved 1064960K
  class space    used 2533K, capacity 2727K, committed 2816K, reserved 1048576K
Event: 58.228 GC heap after
Heap after GC invocations=7 (full 1):
 PSYoungGen      total 180736K, used 8832K [0x0000000780b00000, 0x000000078f280000, 0x00000007c0000000)
  eden space 134656K, 0% used [0x0000000780b00000,0x0000000780b00000,0x0000000788e80000)
  from space 46080K, 19% used [0x000000078c580000,0x000000078ce203c0,0x000000078f280000)
  to   space 51200K, 0% used [0x0000000788e80000,0x0000000788e80000,0x000000078c080000)
 ParOldGen       total 226304K, used 157232K [0x0000000702000000, 0x000000070fd00000, 0x0000000780b00000)
  object space 226304K, 69% used [0x0000000702000000,0x000000070b98c318,0x000000070fd00000)
 Metaspace       used 18203K, capacity 18978K, committed 19200K, reserved 1064960K
  class space    used 2533K, capacity 2727K, committed 2816K, reserved 1048576K
}

