# JRE version: Java(TM) SE Runtime Environment (8.0_144-b01) (build 1.8.0_144-b01)
# Java VM: Java HotSpot(TM) 64-Bit Server VM (25.144-b01 mixed mode windows-amd64 compressed oops)
Heap:
 PSYoungGen      total 94208K, used 79588K [0x0000000780b00000, 0x0000000788300000, 0x00000007c0000000)
  eden space 93696K, 84% used [0x0000000780b00000,0x0000000785869020,0x0000000786680000)
  from space 512K, 62% used [0x0000000788200000,0x0000000788250000,0x0000000788280000)
  to   space 512K, 0% used [0x0000000788280000,0x0000000788280000,0x0000000788300000)
 ParOldGen       total 307712K, used 271814K [0x0000000702000000, 0x0000000714c80000, 0x0000000780b00000)
  object space 307712K, 88% used [0x0000000702000000,0x0000000712971a28,0x0000000714c80000)
 Metaspace       used 20412K, capacity 21576K, committed 21760K, reserved 1069056K
  class space    used 2743K, capacity 2993K, committed 3072K, reserved 1048576K
GC Heap History (10 events):
Event: 124.958 GC heap before
{Heap before GC invocations=161 (full 2):
 PSYoungGen      total 105472K, used 105184K [0x0000000780b00000, 0x0000000788300000, 0x00000007c0000000)
  eden space 104960K, 100% used [0x0000000780b00000,0x0000000787180000,0x0000000787180000)
  from space 512K, 43% used [0x0000000788280000,0x00000007882b8000,0x0000000788300000)
  to   space 1024K, 0% used [0x0000000788100000,0x0000000788100000,0x0000000788200000)
 ParOldGen       total 307712K, used 271798K [0x0000000702000000, 0x0000000714c80000, 0x0000000780b00000)
  object space 307712K, 88% used [0x0000000702000000,0x000000071296da28,0x0000000714c80000)
 Metaspace       used 20387K, capacity 21512K, committed 21760K, reserved 1069056K
  class space    used 2743K, capacity 2993K, committed 3072K, reserved 1048576K
Event: 124.959 GC heap after
Heap after GC invocations=161 (full 2):
 PSYoungGen      total 103424K, used 224K [0x0000000780b00000, 0x0000000788300000, 0x00000007c0000000)
  eden space 102400K, 0% used [0x0000000780b00000,0x0000000780b00000,0x0000000786f00000)
  from space 1024K, 21% used [0x0000000788100000,0x0000000788138000,0x0000000788200000)
  to   space 512K, 0% used [0x0000000788280000,0x0000000788280000,0x0000000788300000)
 ParOldGen       total 307712K, used 271798K [0x0000000702000000, 0x0000000714c80000, 0x0000000780b00000)
  object space 307712K, 88% used [0x0000000702000000,0x000000071296da28,0x0000000714c80000)
 Metaspace       used 20387K, capacity 21512K, committed 21760K, reserved 1069056K
  class space    used 2743K, capacity 2993K, committed 3072K, reserved 1048576K
}
Event: 125.432 GC heap before
{Heap before GC invocations=162 (full 2):
 PSYoungGen      total 103424K, used 102624K [0x0000000780b00000, 0x0000000788300000, 0x00000007c0000000)
  eden space 102400K, 100% used [0x0000000780b00000,0x0000000786f00000,0x0000000786f00000)
  from space 1024K, 21% used [0x0000000788100000,0x0000000788138000,0x0000000788200000)
  to   space 512K, 0% used [0x0000000788280000,0x0000000788280000,0x0000000788300000)
 ParOldGen       total 307712K, used 271798K [0x0000000702000000, 0x0000000714c80000, 0x0000000780b00000)
  object space 307712K, 88% used [0x0000000702000000,0x000000071296da28,0x0000000714c80000)
 Metaspace       used 20387K, capacity 21512K, committed 21760K, reserved 1069056K
  class space    used 2743K, capacity 2993K, committed 3072K, reserved 1048576K
Event: 125.434 GC heap after
Heap after GC invocations=162 (full 2):
 PSYoungGen      total 100352K, used 224K [0x0000000780b00000, 0x0000000788300000, 0x00000007c0000000)
  eden space 99840K, 0% used [0x0000000780b00000,0x0000000780b00000,0x0000000786c80000)
  from space 512K, 43% used [0x0000000788280000,0x00000007882b8000,0x0000000788300000)
  to   space 512K, 0% used [0x0000000788200000,0x0000000788200000,0x0000000788280000)
 ParOldGen       total 307712K, used 271798K [0x0000000702000000, 0x0000000714c80000, 0x0000000780b00000)
  object space 307712K, 88% used [0x0000000702000000,0x000000071296da28,0x0000000714c80000)
 Metaspace       used 20387K, capacity 21512K, committed 21760K, reserved 1069056K
  class space    used 2743K, capacity 2993K, committed 3072K, reserved 1048576K
}
Event: 125.910 GC heap before
{Heap before GC invocations=163 (full 2):
 PSYoungGen      total 100352K, used 100064K [0x0000000780b00000, 0x0000000788300000, 0x00000007c0000000)
  eden space 99840K, 100% used [0x0000000780b00000,0x0000000786c80000,0x0000000786c80000)
  from space 512K, 43% used [0x0000000788280000,0x00000007882b8000,0x0000000788300000)
  to   space 512K, 0% used [0x0000000788200000,0x0000000788200000,0x0000000788280000)
 ParOldGen       total 307712K, used 271798K [0x0000000702000000, 0x0000000714c80000, 0x0000000780b00000)
  object space 307712K, 88% used [0x0000000702000000,0x000000071296da28,0x0000000714c80000)
 Metaspace       used 20407K, capacity 21512K, committed 21760K, reserved 1069056K
  class space    used 2743K, capacity 2993K, committed 3072K, reserved 1048576K
Event: 125.912 GC heap after
Heap after GC invocations=163 (full 2):
 PSYoungGen      total 98304K, used 224K [0x0000000780b00000, 0x0000000788300000, 0x00000007c0000000)
  eden space 97792K, 0% used [0x0000000780b00000,0x0000000780b00000,0x0000000786a80000)
  from space 512K, 43% used [0x0000000788200000,0x0000000788238000,0x0000000788280000)
  to   space 512K, 0% used [0x0000000788280000,0x0000000788280000,0x0000000788300000)
 ParOldGen       total 307712K, used 271798K [0x0000000702000000, 0x0000000714c80000, 0x0000000780b00000)
  object space 307712K, 88% used [0x0000000702000000,0x000000071296da28,0x0000000714c80000)
 Metaspace       used 20407K, capacity 21512K, committed 21760K, reserved 1069056K
  class space    used 2743K, capacity 2993K, committed 3072K, reserved 1048576K
}
Event: 126.388 GC heap before
{Heap before GC invocations=164 (full 2):
 PSYoungGen      total 98304K, used 98016K [0x0000000780b00000, 0x0000000788300000, 0x00000007c0000000)
  eden space 97792K, 100% used [0x0000000780b00000,0x0000000786a80000,0x0000000786a80000)
  from space 512K, 43% used [0x0000000788200000,0x0000000788238000,0x0000000788280000)
  to   space 512K, 0% used [0x0000000788280000,0x0000000788280000,0x0000000788300000)
 ParOldGen       total 307712K, used 271798K [0x0000000702000000, 0x0000000714c80000, 0x0000000780b00000)
  object space 307712K, 88% used [0x0000000702000000,0x000000071296da28,0x0000000714c80000)
 Metaspace       used 20412K, capacity 21576K, committed 21760K, reserved 1069056K
  class space    used 2743K, capacity 2993K, committed 3072K, reserved 1048576K
Event: 126.390 GC heap after
Heap after GC invocations=164 (full 2):
 PSYoungGen      total 96256K, used 288K [0x0000000780b00000, 0x0000000788300000, 0x00000007c0000000)
  eden space 95744K, 0% used [0x0000000780b00000,0x0000000780b00000,0x0000000786880000)
  from space 512K, 56% used [0x0000000788280000,0x00000007882c8000,0x0000000788300000)
  to   space 512K, 0% used [0x0000000788200000,0x0000000788200000,0x0000000788280000)
 ParOldGen       total 307712K, used 271798K [0x0000000702000000, 0x0000000714c80000, 0x0000000780b00000)
  object space 307712K, 88% used [0x0000000702000000,0x000000071296da28,0x0000000714c80000)
 Metaspace       used 20412K, capacity 21576K, committed 21760K, reserved 1069056K
  class space    used 2743K, capacity 2993K, committed 3072K, reserved 1048576K
}
Event: 126.853 GC heap before
{Heap before GC invocations=165 (full 2):
 PSYoungGen      total 96256K, used 96032K [0x0000000780b00000, 0x0000000788300000, 0x00000007c0000000)
  eden space 95744K, 100% used [0x0000000780b00000,0x0000000786880000,0x0000000786880000)
  from space 512K, 56% used [0x0000000788280000,0x00000007882c8000,0x0000000788300000)
  to   space 512K, 0% used [0x0000000788200000,0x0000000788200000,0x0000000788280000)
 ParOldGen       total 307712K, used 271798K [0x0000000702000000, 0x0000000714c80000, 0x0000000780b00000)
  object space 307712K, 88% used [0x0000000702000000,0x000000071296da28,0x0000000714c80000)
 Metaspace       used 20412K, capacity 21576K, committed 21760K, reserved 1069056K
  class space    used 2743K, capacity 2993K, committed 3072K, reserved 1048576K
Event: 126.854 GC heap after
Heap after GC invocations=165 (full 2):
 PSYoungGen      total 94208K, used 320K [0x0000000780b00000, 0x0000000788300000, 0x00000007c0000000)
  eden space 93696K, 0% used [0x0000000780b00000,0x0000000780b00000,0x0000000786680000)
  from space 512K, 62% used [0x0000000788200000,0x0000000788250000,0x0000000788280000)
  to   space 512K, 0% used [0x0000000788280000,0x0000000788280000,0x0000000788300000)
 ParOldGen       total 307712K, used 271814K [0x0000000702000000, 0x0000000714c80000, 0x0000000780b00000)
  object space 307712K, 88% used [0x0000000702000000,0x0000000712971a28,0x0000000714c80000)
 Metaspace       used 20412K, capacity 21576K, committed 21760K, reserved 1069056K
  class space    used 2743K, capacity 2993K, committed 3072K, reserved 1048576K
}

