<?xml version="1.0" encoding="UTF-8" ?>
<testsuites>
  <testsuite errors="0" failures="0" hostname="LAPTOP-HKCUSS60" id="0" name="Test_WordLoader" package="controller" skipped="0" tests="7" time="0.102" timestamp="2019-01-30T20:44:57">
      <properties>
[...]
</properties>

      <testcase classname="controller.Test_WordLoader" name="addWordAndCheckSize" time="0.016" />

      <testcase classname="controller.Test_WordLoader" name="emptyTextFileButExist" time="0.003" />

      <testcase classname="controller.Test_WordLoader" name="noSuchFileWhileAdding" time="0.0" />

      <testcase classname="controller.Test_WordLoader" name="moreWordsNeededThanExist" time="0.003" />

      <testcase classname="controller.Test_WordLoader" name="delWordFromMemory" time="0.001" />

      <testcase classname="controller.Test_WordLoader" name="noSuchTextFileExist" time="0.0" />

      <testcase classname="controller.Test_WordLoader" name="exactWordsExistInFile" time="0.004" />

      <system-out><![CDATA[]]></system-out>

      <system-err><![CDATA[]]></system-err>

  </testsuite>
</testsuites>
